2015-Jan-13 11:53:54 Наличие необходимых модулей php (check_php_modules): Ok
Все необходимые модули установлены
2015-Jan-13 11:53:54 Обязательные параметры PHP (check_php_settings): Ok
Настройки правильные
2015-Jan-13 11:53:54 Модули веб-сервера (check_security): Ok
Конфликтов не выявлено
2015-Jan-13 11:53:54 Значения переменных сервера (check_server_vars): Ok
Корректные
2015-Jan-13 11:53:54 Сохранение сессии (check_session): Ok
50% done
2015-Jan-13 11:53:55 Сохранение сессии (check_session): Ok
Успешно
2015-Jan-13 11:53:55 Параметры настройки UTF (mbstring и константа BX_UTF) (check_mbstring): Ok
Правильные. Сайт работает в UTF кодировке
2015-Jan-13 11:53:55 Работа с сокетами (check_socket): Ok
Connection to www.eurookna.net:80	Success

Успешно
2015-Jan-13 11:53:55 Лишний вывод в файлах конфигурации (check_dbconn): Ok
Connection to www.eurookna.net:80	Success

Успешно
2015-Jan-13 11:53:55 Выполнение агентов на cron (check_bx_crontab): Warning
Замечание. Агенты выполняются на хитах, рекомендуется перевести выполнение агентов на cron
2015-Jan-13 11:53:55 Сохранение сессии без UserAgent (check_session_ua): Ok
50% done
Connection to www.eurookna.net:80	Success

2015-Jan-13 11:53:55 Сохранение сессии без UserAgent (check_session_ua): Ok
Connection to www.eurookna.net:80	Success

Успешно
2015-Jan-13 11:53:55 Настройки сайтов (check_sites): Ok
Правильные
2015-Jan-13 11:53:55 Служебные скрипты в корне сайта (check_install_scripts): Ok
Отсутствуют
2015-Jan-13 11:53:55 Передача объектов по ссылке (check_clone): Ok
Успешно
2015-Jan-13 11:53:55 Размер стека и pcre.recursion_limit (check_pcre_recursion): Warning
Connection to www.eurookna.net:80	Success

Замечание. Возможны проблемы в работе с длинными строками из-за системных ограничений
2015-Jan-13 11:53:55 Вызов method_exists на строке (check_method_exists): Ok
Connection to www.eurookna.net:80	Success

Успешно
2015-Jan-13 11:53:55 Загрузка файла (check_upload): Ok
Connection to www.eurookna.net:80	Success

Успешно
2015-Jan-13 11:53:55 Загрузка файла больше 4Мб (check_upload_big): Ok
Connection to www.eurookna.net:80	Success

Успешно
2015-Jan-13 11:53:55 Загрузка файла через php://input (check_upload_raw): Ok
Connection to www.eurookna.net:80	Success

Успешно
2015-Jan-13 11:53:55 Передача POST запроса с большим числом параметров (check_post): Ok
Connection to www.eurookna.net:80	Success

Успешно
2015-Jan-13 11:53:55 Отправка почты (check_mail): Ok
Успешно
2015-Jan-13 11:53:55 Отправка почтового сообщения больше 64Кб (check_mail_big): Ok
Успешно
2015-Jan-13 11:53:55 Проверка на наличие неотправленных сообщений (check_mail_b_event): Ok
Успешно
2015-Jan-13 11:53:55 Внутреннее перенаправление (функция LocalRedirect) (check_localredirect): Ok
50% done
Connection to www.eurookna.net:80	Success

2015-Jan-13 11:53:55 Внутреннее перенаправление (функция LocalRedirect) (check_localredirect): Ok
Connection to www.eurookna.net:80	Success

Успешно
2015-Jan-13 11:53:55 Фактическое ограничение памяти (check_memory_limit): Ok
20% done
Connection to www.eurookna.net:80	Success

2015-Jan-13 11:53:55 Фактическое ограничение памяти (check_memory_limit): Ok
40% done
Connection to www.eurookna.net:80	Success

2015-Jan-13 11:53:56 Фактическое ограничение памяти (check_memory_limit): Ok
60% done
Connection to www.eurookna.net:80	Success

2015-Jan-13 11:53:56 Фактическое ограничение памяти (check_memory_limit): Ok
80% done
Connection to www.eurookna.net:80	Success

2015-Jan-13 11:53:56 Фактическое ограничение памяти (check_memory_limit): Warning
Connection to www.eurookna.net:80	Success

Замечание. Не менее 256 М Значение memory_limit было увеличено с 128M до 512M на момент тестирования через ini_set.
2015-Jan-13 11:53:56 Работа с файлами кеша (check_cache): Ok
Успешно
2015-Jan-13 11:53:56 Доступ к серверу обновлений (check_update): Ok
Успешно
2015-Jan-13 11:53:56 HTTP авторизация (check_http_auth): Ok
Connection to www.eurookna.net:80	Success

Успешно
2015-Jan-13 11:53:56 Создание и запуск файла (check_exec): Ok
Connection to www.eurookna.net:80	Success

Успешно
2015-Jan-13 11:53:56 Функция getimagesize для swf (check_getimagesize): Ok
Успешно
2015-Jan-13 11:53:56 Версия MySQL сервера (check_mysql_bug_version): Ok
Успешно
2015-Jan-13 11:53:57 Время на БД и веб сервере (check_mysql_time): Ok
Успешно
2015-Jan-13 11:53:57 Режим работы MySQL (check_mysql_mode): Ok
Успешно
2015-Jan-13 11:53:57 Кодировка соединения (check_mysql_connection_charset): Ok
character_set_connection=utf8, collation_connection=utf8_unicode_ci, character_set_results=utf8
Успешно
2015-Jan-13 11:53:57 Кодировка базы данных (check_mysql_db_charset): Ok
CHARSET=utf8, COLLATION=utf8_unicode_ci
Успешно
2015-Jan-13 11:53:57 Кодировки таблиц в БД (check_mysql_table_charset): Ok
Успешно
2015-Jan-13 11:53:57 Структура базы данных (check_mysql_table_structure): Ok
0% done
2015-Jan-13 11:53:57 Структура базы данных (check_mysql_table_structure): Ok
4% done
2015-Jan-13 11:53:57 Структура базы данных (check_mysql_table_structure): Ok
9% done
2015-Jan-13 11:53:57 Структура базы данных (check_mysql_table_structure): Ok
14% done
2015-Jan-13 11:53:57 Структура базы данных (check_mysql_table_structure): Ok
19% done
2015-Jan-13 11:53:57 Структура базы данных (check_mysql_table_structure): Ok
23% done
2015-Jan-13 11:53:57 Структура базы данных (check_mysql_table_structure): Ok
28% done
2015-Jan-13 11:53:57 Структура базы данных (check_mysql_table_structure): Ok
33% done
2015-Jan-13 11:53:58 Структура базы данных (check_mysql_table_structure): Ok
38% done
2015-Jan-13 11:53:58 Структура базы данных (check_mysql_table_structure): Ok
42% done
2015-Jan-13 11:53:58 Структура базы данных (check_mysql_table_structure): Ok
47% done
2015-Jan-13 11:53:58 Структура базы данных (check_mysql_table_structure): Ok
52% done
2015-Jan-13 11:53:58 Структура базы данных (check_mysql_table_structure): Ok
57% done
2015-Jan-13 11:53:58 Структура базы данных (check_mysql_table_structure): Ok
61% done
2015-Jan-13 11:53:58 Структура базы данных (check_mysql_table_structure): Ok
66% done
2015-Jan-13 11:53:58 Структура базы данных (check_mysql_table_structure): Ok
71% done
2015-Jan-13 11:53:58 Структура базы данных (check_mysql_table_structure): Ok
76% done
2015-Jan-13 11:53:58 Структура базы данных (check_mysql_table_structure): Ok
80% done
2015-Jan-13 11:53:58 Структура базы данных (check_mysql_table_structure): Ok
85% done
2015-Jan-13 11:53:58 Структура базы данных (check_mysql_table_structure): Ok
90% done
2015-Jan-13 11:53:59 Структура базы данных (check_mysql_table_structure): Ok
95% done
2015-Jan-13 11:53:59 Структура базы данных (check_mysql_table_structure): Ok
Успешно
